{"C:\\Users\\alone\\Documents\\quiz-game\\src\\App.vue": {"path":"C:\\Users\\alone\\Documents\\quiz-game\\src\\App.vue","statementMap":{"0":{"start":{"line":9,"column":0},"end":{"line":9,"column":null}},"1":{"start":{"line":10,"column":0},"end":{"line":10,"column":null}},"2":{"start":{"line":12,"column":15},"end":{"line":12,"column":31}}},"fnMap":{},"branchMap":{},"s":{"0":1,"1":1,"2":1},"f":{},"b":{}}
,"C:\\Users\\alone\\Documents\\quiz-game\\src\\components\\Header.vue": {"path":"C:\\Users\\alone\\Documents\\quiz-game\\src\\components\\Header.vue","statementMap":{"0":{"start":{"line":6,"column":0},"end":{"line":6,"column":null}},"1":{"start":{"line":8,"column":15},"end":{"line":8,"column":31}}},"fnMap":{},"branchMap":{},"s":{"0":1,"1":1},"f":{},"b":{}}
,"C:\\Users\\alone\\Documents\\quiz-game\\src\\router\\index.ts": {"path":"C:\\Users\\alone\\Documents\\quiz-game\\src\\router\\index.ts","statementMap":{"0":{"start":{"line":1,"column":0},"end":{"line":1,"column":null}},"1":{"start":{"line":2,"column":0},"end":{"line":2,"column":null}},"2":{"start":{"line":3,"column":0},"end":{"line":3,"column":null}},"3":{"start":{"line":5,"column":38},"end":{"line":5,"column":null}},"4":{"start":{"line":18,"column":15},"end":{"line":18,"column":28}},"5":{"start":{"line":23,"column":15},"end":{"line":23,"column":null}}},"fnMap":{},"branchMap":{},"s":{"0":1,"1":1,"2":1,"3":1,"4":1,"5":1},"f":{},"b":{}}
,"C:\\Users\\alone\\Documents\\quiz-game\\src\\views\\Home.vue": {"path":"C:\\Users\\alone\\Documents\\quiz-game\\src\\views\\Home.vue","statementMap":{"0":{"start":{"line":18,"column":0},"end":{"line":18,"column":null}},"1":{"start":{"line":20,"column":15},"end":{"line":20,"column":31}}},"fnMap":{},"branchMap":{},"s":{"0":1,"1":1},"f":{},"b":{}}
,"C:\\Users\\alone\\Documents\\quiz-game\\src\\views\\Questions.vue": {"path":"C:\\Users\\alone\\Documents\\quiz-game\\src\\views\\Questions.vue","statementMap":{"0":{"start":{"line":59,"column":0},"end":{"line":59,"column":null}},"1":{"start":{"line":60,"column":0},"end":{"line":60,"column":null}},"2":{"start":{"line":62,"column":15},"end":{"line":62,"column":31}},"3":{"start":{"line":70,"column":6},"end":{"line":70,"column":11}},"4":{"start":{"line":71,"column":6},"end":{"line":75,"column":null}},"5":{"start":{"line":72,"column":8},"end":{"line":72,"column":13}},"6":{"start":{"line":74,"column":8},"end":{"line":74,"column":13}},"7":{"start":{"line":78,"column":6},"end":{"line":78,"column":11}},"8":{"start":{"line":79,"column":6},"end":{"line":79,"column":11}},"9":{"start":{"line":82,"column":6},"end":{"line":82,"column":11}},"10":{"start":{"line":85,"column":6},"end":{"line":85,"column":11}},"11":{"start":{"line":86,"column":6},"end":{"line":86,"column":11}},"12":{"start":{"line":87,"column":6},"end":{"line":87,"column":11}},"13":{"start":{"line":88,"column":6},"end":{"line":88,"column":11}},"14":{"start":{"line":89,"column":6},"end":{"line":89,"column":11}},"15":{"start":{"line":93,"column":4},"end":{"line":93,"column":11}},"16":{"start":{"line":101,"column":4},"end":{"line":101,"column":9}}},"fnMap":{"0":{"name":"(anonymous_0)","decl":{"start":{"line":69,"column":4},"end":{"line":69,"column":12}},"loc":{"start":{"line":69,"column":23},"end":{"line":76,"column":null}}},"1":{"name":"(anonymous_1)","decl":{"start":{"line":77,"column":16},"end":{"line":77,"column":null}},"loc":{"start":{"line":77,"column":16},"end":{"line":80,"column":null}}},"2":{"name":"(anonymous_2)","decl":{"start":{"line":81,"column":15},"end":{"line":81,"column":null}},"loc":{"start":{"line":81,"column":15},"end":{"line":83,"column":null}}},"3":{"name":"(anonymous_3)","decl":{"start":{"line":84,"column":13},"end":{"line":84,"column":null}},"loc":{"start":{"line":84,"column":13},"end":{"line":90,"column":null}}},"4":{"name":"(anonymous_4)","decl":{"start":{"line":92,"column":6},"end":{"line":92,"column":null}},"loc":{"start":{"line":92,"column":6},"end":{"line":99,"column":null}}},"5":{"name":"(anonymous_5)","decl":{"start":{"line":100,"column":9},"end":{"line":100,"column":null}},"loc":{"start":{"line":100,"column":9},"end":{"line":102,"column":null}}}},"branchMap":{"0":{"loc":{"start":{"line":71,"column":6},"end":{"line":75,"column":null}},"type":"if","locations":[{"start":{"line":71,"column":6},"end":{"line":75,"column":null}},{"start":{"line":71,"column":6},"end":{"line":75,"column":null}}]}},"s":{"0":2,"1":2,"2":2,"3":0,"4":0,"5":0,"6":0,"7":0,"8":0,"9":0,"10":0,"11":0,"12":0,"13":0,"14":0,"15":1,"16":1},"f":{"0":0,"1":0,"2":0,"3":0,"4":1,"5":1},"b":{"0":[0,0]}}
}
